#
# There is insufficient memory for the Java Runtime Environment to continue.
# Native memory allocation (malloc) failed to allocate 1189856 bytes. Error detail: Chunk::new
# Possible reasons:
#   The system is out of physical RAM or swap space
#   This process is running with CompressedOops enabled, and the Java Heap may be blocking the growth of the native heap
# Possible solutions:
#   Reduce memory load on the system
#   Increase physical memory or swap space
#   Check if swap backing store is full
#   Decrease Java heap size (-Xmx/-Xms)
#   Decrease number of Java threads
#   Decrease Java thread stack sizes (-Xss)
#   Set larger code cache with -XX:ReservedCodeCacheSize=
#   JVM is running with Unscaled Compressed Oops mode in which the Java heap is
#     placed in the first 4GB address space. The Java Heap base address is the
#     maximum limit for the native heap growth. Please use -XX:HeapBaseMinAddress
#     to set the Java Heap base and to place the Java Heap above 4GB virtual address.
# This output file may be truncated or incomplete.
#
#  Out of Memory Error (arena.cpp:168), pid=12080, tid=8224
#
# JRE version: OpenJDK Runtime Environment Temurin-21.0.7+6 (21.0.7+6) (build 21.0.7+6-LTS)
# Java VM: OpenJDK 64-Bit Server VM Temurin-21.0.7+6 (21.0.7+6-LTS, mixed mode, sharing, tiered, compressed oops, compressed class ptrs, parallel gc, windows-amd64)
# No core dump will be written. Minidumps are not enabled by default on client versions of Windows
#

---------------  S U M M A R Y ------------

Command Line: --add-modules=ALL-SYSTEM --add-opens=java.base/java.util=ALL-UNNAMED --add-opens=java.base/java.lang=ALL-UNNAMED --add-opens=java.base/sun.nio.fs=ALL-UNNAMED -Declipse.application=org.eclipse.jdt.ls.core.id1 -Dosgi.bundles.defaultStartLevel=4 -Declipse.product=org.eclipse.jdt.ls.core.product -Djava.import.generatesMetadataFilesAtProjectRoot=false -DDetectVMInstallationsJob.disabled=true -Dfile.encoding=utf8 -XX:+UseParallelGC -XX:GCTimeRatio=4 -XX:AdaptiveSizePolicyWeight=90 -Dsun.zip.disableMemoryMapping=true -Xmx2G -Xms100m -Xlog:disable -javaagent:c:\Users\mitan\.vscode\extensions\redhat.java-1.43.1-win32-x64\lombok\lombok-1.18.39-4050.jar -XX:+HeapDumpOnOutOfMemoryError -XX:HeapDumpPath=c:\Users\mitan\AppData\Roaming\Code\User\workspaceStorage\5454d84cca73cc9739caad8c9d907e44\redhat.java -Daether.dependencyCollector.impl=bf c:\Users\mitan\.vscode\extensions\redhat.java-1.43.1-win32-x64\server\plugins\org.eclipse.equinox.launcher_1.7.0.v20250519-0528.jar -configuration c:\Users\mitan\AppData\Roaming\Code\User\globalStorage\redhat.java\1.43.1\config_win -data c:\Users\mitan\AppData\Roaming\Code\User\workspaceStorage\5454d84cca73cc9739caad8c9d907e44\redhat.java\jdt_ws --pipe=\\.\pipe\lsp-aa99117d506fb7146288a9ab21d98658-sock

Host: Intel(R) Core(TM) i5-9300H CPU @ 2.40GHz, 8 cores, 15G,  Windows 10 , 64 bit Build 19041 (10.0.19041.5915)
Time: Mon Jul 14 22:20:05 2025 Eastern Daylight Time elapsed time: 22.601436 seconds (0d 0h 0m 22s)

---------------  T H R E A D  ---------------

Current thread (0x0000027c5ecc5e80):  JavaThread "C2 CompilerThread0" daemon [_thread_in_native, id=8224, stack(0x000000985a900000,0x000000985aa00000) (1024K)]


Current CompileTask:
C2:22601 9260 % !   4       org.eclipse.jdt.internal.compiler.classfmt.ClassFileReader::<init> @ 81 (2135 bytes)

Stack: [0x000000985a900000,0x000000985aa00000]
Native frames: (J=compiled Java code, j=interpreted, Vv=VM code, C=native code)
V  [jvm.dll+0x6ce119]
V  [jvm.dll+0x8a84a1]
V  [jvm.dll+0x8aa9ce]
V  [jvm.dll+0x8ab0b3]
V  [jvm.dll+0x27f8a6]
V  [jvm.dll+0xc507d]
V  [jvm.dll+0xc55b3]
V  [jvm.dll+0x2f2c6d]
V  [jvm.dll+0x5f6bca]
V  [jvm.dll+0x250cb2]
V  [jvm.dll+0x25106f]
V  [jvm.dll+0x249934]
V  [jvm.dll+0x246fc4]
V  [jvm.dll+0x1c760e]
V  [jvm.dll+0x25695a]
V  [jvm.dll+0x254efa]
V  [jvm.dll+0x3f03f6]
V  [jvm.dll+0x851f6b]
V  [jvm.dll+0x6cc7dd]
C  [ucrtbase.dll+0x21bb2]
C  [KERNEL32.DLL+0x17374]
C  [ntdll.dll+0x4cc91]


---------------  P R O C E S S  ---------------

Threads class SMR info:
_java_thread_list=0x0000027c41c61b10, length=48, elements={
0x0000027c5ed47340, 0x0000027c5ecae510, 0x0000027c5ecafe10, 0x0000027c5ecb23b0,
0x0000027c5ecb3360, 0x0000027c5ecb9020, 0x0000027c5ecb9a70, 0x0000027c5ecc5e80,
0x0000027c5ecc89b0, 0x0000027c5edb1a50, 0x0000027c7b298720, 0x0000027c7b6fd3e0,
0x0000027c7b6df4c0, 0x0000027c7bc59c30, 0x0000027c7bc55830, 0x0000027c7c224fe0,
0x0000027c7b3b4dd0, 0x0000027c7be76360, 0x0000027c7be77da0, 0x0000027c7be78430,
0x0000027c7be78ac0, 0x0000027c7be77080, 0x0000027c7be75640, 0x0000027c7be77710,
0x0000027c7eccf6f0, 0x0000027c7ecd0aa0, 0x0000027c7eccfd80, 0x0000027c7ecd0410,
0x0000027c7eccc900, 0x0000027c7ecccf90, 0x0000027c7eccd620, 0x0000027c7eccdcb0,
0x0000027c7ecd1130, 0x0000027c7eccc270, 0x0000027c7ecd17c0, 0x0000027c7ecd1e50,
0x0000027c7ecce340, 0x0000027c7eccf060, 0x0000027c7eccbbe0, 0x0000027c7be75cd0,
0x0000027c7e68b3f0, 0x0000027c7e68c7a0, 0x0000027c7e6902b0, 0x0000027c7e690940,
0x0000027c7e68ef00, 0x0000027c7e68e1e0, 0x0000027c41380420, 0x0000027c413811c0
}

Java Threads: ( => current thread )
  0x0000027c5ed47340 JavaThread "main"                              [_thread_blocked, id=4132, stack(0x0000009859e00000,0x0000009859f00000) (1024K)]
  0x0000027c5ecae510 JavaThread "Reference Handler"          daemon [_thread_blocked, id=20204, stack(0x000000985a300000,0x000000985a400000) (1024K)]
  0x0000027c5ecafe10 JavaThread "Finalizer"                  daemon [_thread_blocked, id=7312, stack(0x000000985a400000,0x000000985a500000) (1024K)]
  0x0000027c5ecb23b0 JavaThread "Signal Dispatcher"          daemon [_thread_blocked, id=12612, stack(0x000000985a500000,0x000000985a600000) (1024K)]
  0x0000027c5ecb3360 JavaThread "Attach Listener"            daemon [_thread_blocked, id=14620, stack(0x000000985a600000,0x000000985a700000) (1024K)]
  0x0000027c5ecb9020 JavaThread "Service Thread"             daemon [_thread_blocked, id=12112, stack(0x000000985a700000,0x000000985a800000) (1024K)]
  0x0000027c5ecb9a70 JavaThread "Monitor Deflation Thread"   daemon [_thread_blocked, id=1964, stack(0x000000985a800000,0x000000985a900000) (1024K)]
=>0x0000027c5ecc5e80 JavaThread "C2 CompilerThread0"         daemon [_thread_in_native, id=8224, stack(0x000000985a900000,0x000000985aa00000) (1024K)]
  0x0000027c5ecc89b0 JavaThread "C1 CompilerThread0"         daemon [_thread_blocked, id=13968, stack(0x000000985aa00000,0x000000985ab00000) (1024K)]
  0x0000027c5edb1a50 JavaThread "Common-Cleaner"             daemon [_thread_blocked, id=9604, stack(0x000000985ab00000,0x000000985ac00000) (1024K)]
  0x0000027c7b298720 JavaThread "Notification Thread"        daemon [_thread_blocked, id=14588, stack(0x000000985ad00000,0x000000985ae00000) (1024K)]
  0x0000027c7b6fd3e0 JavaThread "Active Thread: Equinox Container: f5331528-65b2-4b32-bebc-7abe9a922416"        [_thread_blocked, id=12852, stack(0x000000985b500000,0x000000985b600000) (1024K)]
  0x0000027c7b6df4c0 JavaThread "Refresh Thread: Equinox Container: f5331528-65b2-4b32-bebc-7abe9a922416" daemon [_thread_blocked, id=8728, stack(0x000000985b700000,0x000000985b800000) (1024K)]
  0x0000027c7bc59c30 JavaThread "Framework Event Dispatcher: Equinox Container: f5331528-65b2-4b32-bebc-7abe9a922416" daemon [_thread_blocked, id=14864, stack(0x000000985b800000,0x000000985b900000) (1024K)]
  0x0000027c7bc55830 JavaThread "Start Level: Equinox Container: f5331528-65b2-4b32-bebc-7abe9a922416" daemon [_thread_blocked, id=17992, stack(0x000000985b900000,0x000000985ba00000) (1024K)]
  0x0000027c7c224fe0 JavaThread "Bundle File Closer"         daemon [_thread_blocked, id=10212, stack(0x000000985ba00000,0x000000985bb00000) (1024K)]
  0x0000027c7b3b4dd0 JavaThread "SCR Component Actor"        daemon [_thread_blocked, id=14692, stack(0x000000985ae00000,0x000000985af00000) (1024K)]
  0x0000027c7be76360 JavaThread "Worker-JM"                         [_thread_blocked, id=12312, stack(0x000000985bc00000,0x000000985bd00000) (1024K)]
  0x0000027c7be77da0 JavaThread "JNA Cleaner"                daemon [_thread_blocked, id=14056, stack(0x000000985ac00000,0x000000985ad00000) (1024K)]
  0x0000027c7be78430 JavaThread "Worker-0"                          [_thread_blocked, id=18464, stack(0x000000985bd00000,0x000000985be00000) (1024K)]
  0x0000027c7be78ac0 JavaThread "Worker-1"                          [_thread_blocked, id=12528, stack(0x000000985be00000,0x000000985bf00000) (1024K)]
  0x0000027c7be77080 JavaThread "Worker-2"                          [_thread_blocked, id=5192, stack(0x000000985c000000,0x000000985c100000) (1024K)]
  0x0000027c7be75640 JavaThread "Java indexing"              daemon [_thread_in_vm, id=10204, stack(0x000000985c200000,0x000000985c300000) (1024K)]
  0x0000027c7be77710 JavaThread "Worker-3"                          [_thread_blocked, id=20808, stack(0x000000985c300000,0x000000985c400000) (1024K)]
  0x0000027c7eccf6f0 JavaThread "Worker-4: Java indexing... "        [_thread_blocked, id=17508, stack(0x000000985c400000,0x000000985c500000) (1024K)]
  0x0000027c7ecd0aa0 JavaThread "Worker-5: Building"                [_thread_in_Java, id=13124, stack(0x000000985c500000,0x000000985c600000) (1024K)]
  0x0000027c7eccfd80 JavaThread "Thread-2"                   daemon [_thread_in_native, id=20884, stack(0x000000985c600000,0x000000985c700000) (1024K)]
  0x0000027c7ecd0410 JavaThread "Thread-3"                   daemon [_thread_in_native, id=1984, stack(0x000000985c700000,0x000000985c800000) (1024K)]
  0x0000027c7eccc900 JavaThread "Thread-4"                   daemon [_thread_in_native, id=12592, stack(0x000000985c800000,0x000000985c900000) (1024K)]
  0x0000027c7ecccf90 JavaThread "Thread-5"                   daemon [_thread_in_native, id=17248, stack(0x000000985c900000,0x000000985ca00000) (1024K)]
  0x0000027c7eccd620 JavaThread "Thread-6"                   daemon [_thread_in_native, id=18660, stack(0x000000985ca00000,0x000000985cb00000) (1024K)]
  0x0000027c7eccdcb0 JavaThread "Thread-7"                   daemon [_thread_in_native, id=13920, stack(0x000000985cb00000,0x000000985cc00000) (1024K)]
  0x0000027c7ecd1130 JavaThread "Thread-8"                   daemon [_thread_in_native, id=14364, stack(0x000000985cc00000,0x000000985cd00000) (1024K)]
  0x0000027c7eccc270 JavaThread "Thread-9"                   daemon [_thread_in_native, id=13396, stack(0x000000985cd00000,0x000000985ce00000) (1024K)]
  0x0000027c7ecd17c0 JavaThread "Thread-10"                  daemon [_thread_in_native, id=596, stack(0x000000985ce00000,0x000000985cf00000) (1024K)]
  0x0000027c7ecd1e50 JavaThread "pool-2-thread-1"                   [_thread_blocked, id=16540, stack(0x000000985cf00000,0x000000985d000000) (1024K)]
  0x0000027c7ecce340 JavaThread "WorkspaceEventsHandler"            [_thread_blocked, id=13788, stack(0x000000985d000000,0x000000985d100000) (1024K)]
  0x0000027c7eccf060 JavaThread "pool-1-thread-1"                   [_thread_blocked, id=19824, stack(0x000000985d100000,0x000000985d200000) (1024K)]
  0x0000027c7eccbbe0 JavaThread "LocalFile Deleter"          daemon [_thread_blocked, id=11720, stack(0x000000985bb00000,0x000000985bc00000) (1024K)]
  0x0000027c7be75cd0 JavaThread "LocalFile Deleter"          daemon [_thread_blocked, id=11872, stack(0x000000985d200000,0x000000985d300000) (1024K)]
  0x0000027c7e68b3f0 JavaThread "LocalFile Deleter"          daemon [_thread_blocked, id=11880, stack(0x000000985d300000,0x000000985d400000) (1024K)]
  0x0000027c7e68c7a0 JavaThread "LocalFile Deleter"          daemon [_thread_blocked, id=11892, stack(0x000000985d400000,0x000000985d500000) (1024K)]
  0x0000027c7e6902b0 JavaThread "LocalFile Deleter"          daemon [_thread_blocked, id=9348, stack(0x000000985d500000,0x000000985d600000) (1024K)]
  0x0000027c7e690940 JavaThread "LocalFile Deleter"          daemon [_thread_blocked, id=15100, stack(0x000000985d600000,0x000000985d700000) (1024K)]
  0x0000027c7e68ef00 JavaThread "LocalFile Deleter"          daemon [_thread_blocked, id=12136, stack(0x000000985d700000,0x000000985d800000) (1024K)]
  0x0000027c7e68e1e0 JavaThread "LocalFile Deleter"          daemon [_thread_blocked, id=12132, stack(0x000000985d800000,0x000000985d900000) (1024K)]
  0x0000027c41380420 JavaThread "C2 CompilerThread1"         daemon [_thread_in_native, id=8864, stack(0x000000985bf00000,0x000000985c000000) (1024K)]
  0x0000027c413811c0 JavaThread "C2 CompilerThread2"         daemon [_thread_in_native, id=22452, stack(0x000000985c100000,0x000000985c200000) (1024K)]
Total: 48

Other Threads:
  0x0000027c5ee00660 VMThread "VM Thread"                           [id=17652, stack(0x000000985a100000,0x000000985a200000) (1024K)]
  0x0000027c5edb0cc0 WatcherThread "VM Periodic Task Thread"        [id=17220, stack(0x000000985a000000,0x000000985a100000) (1024K)]
  0x0000027c5ed64240 WorkerThread "GC Thread#0"                     [id=6616, stack(0x0000009859f00000,0x000000985a000000) (1024K)]
  0x0000027c7b6e5d40 WorkerThread "GC Thread#1"                     [id=21832, stack(0x000000985af00000,0x000000985b000000) (1024K)]
  0x0000027c7b8331a0 WorkerThread "GC Thread#2"                     [id=2444, stack(0x000000985b000000,0x000000985b100000) (1024K)]
  0x0000027c7b833540 WorkerThread "GC Thread#3"                     [id=17324, stack(0x000000985b100000,0x000000985b200000) (1024K)]
  0x0000027c7b8340f0 WorkerThread "GC Thread#4"                     [id=18004, stack(0x000000985b200000,0x000000985b300000) (1024K)]
  0x0000027c7b834490 WorkerThread "GC Thread#5"                     [id=5960, stack(0x000000985b300000,0x000000985b400000) (1024K)]
  0x0000027c7b834830 WorkerThread "GC Thread#6"                     [id=9208, stack(0x000000985b400000,0x000000985b500000) (1024K)]
  0x0000027c7b6df120 WorkerThread "GC Thread#7"                     [id=17376, stack(0x000000985b600000,0x000000985b700000) (1024K)]
Total: 10

Threads with active compile tasks:
C2 CompilerThread0  22650 9260 % !   4       org.eclipse.jdt.internal.compiler.classfmt.ClassFileReader::<init> @ 81 (2135 bytes)
C2 CompilerThread1  22650 9223 % !   4       org.eclipse.jdt.internal.core.search.indexing.BinaryIndexer::indexDocument @ 476 (1168 bytes)
C2 CompilerThread2  22650 9272 %     4       org.eclipse.jdt.internal.core.search.indexing.BinaryIndexer::extractReferenceFromConstantPool @ 155 (358 bytes)
Total: 3

VM state: not at safepoint (normal execution)

VM Mutex/Monitor currently owned by a thread: None

Heap address: 0x0000000080000000, size: 2048 MB, Compressed Oops mode: 32-bit

CDS archive(s) mapped at: [0x0000027c00000000-0x0000027c00ba0000-0x0000027c00ba0000), size 12189696, SharedBaseAddress: 0x0000027c00000000, ArchiveRelocationMode: 1.
Compressed class space mapped at: 0x0000027c01000000-0x0000027c41000000, reserved size: 1073741824
Narrow klass base: 0x0000027c00000000, Narrow klass shift: 0, Narrow klass range: 0x100000000

GC Precious Log:
 CardTable entry size: 512
 CPUs: 8 total, 8 available
 Memory: 16225M
 Large Page Support: Disabled
 NUMA Support: Disabled
 Compressed Oops: Enabled (32-bit)
 Alignments: Space 512K, Generation 512K, Heap 2M
 Heap Min Capacity: 100M
 Heap Initial Capacity: 100M
 Heap Max Capacity: 2G
 Pre-touch: Disabled
 Parallel Workers: 8

Heap:
 PSYoungGen      total 3072K, used 543K [0x00000000d5580000, 0x00000000d5980000, 0x0000000100000000)
  eden space 2560K, 7% used [0x00000000d5580000,0x00000000d55afd68,0x00000000d5800000)
  from space 512K, 68% used [0x00000000d5880000,0x00000000d58d8000,0x00000000d5900000)
  to   space 512K, 0% used [0x00000000d5900000,0x00000000d5900000,0x00000000d5980000)
 ParOldGen       total 373248K, used 373019K [0x0000000080000000, 0x0000000096c80000, 0x00000000d5580000)
  object space 373248K, 99% used [0x0000000080000000,0x0000000096c46f88,0x0000000096c80000)
 Metaspace       used 51695K, committed 52864K, reserved 1114112K
  class space    used 5380K, committed 5888K, reserved 1048576K

Card table byte_map: [0x0000027c5e6f0000,0x0000027c5eb00000] _byte_map_base: 0x0000027c5e2f0000

Marking Bits: (ParMarkBitMap*) 0x00007ffb127331f0
 Begin Bits: [0x0000027c711f0000, 0x0000027c731f0000)
 End Bits:   [0x0000027c731f0000, 0x0000027c751f0000)

Polling page: 0x0000027c5cba0000

Metaspace:

Usage:
  Non-class:     45.23 MB used.
      Class:      5.25 MB used.
       Both:     50.48 MB used.

Virtual space:
  Non-class space:       64.00 MB reserved,      45.88 MB ( 72%) committed,  1 nodes.
      Class space:        1.00 GB reserved,       5.75 MB ( <1%) committed,  1 nodes.
             Both:        1.06 GB reserved,      51.62 MB (  5%) committed. 

Chunk freelists:
   Non-Class:  1.58 MB
       Class:  10.14 MB
        Both:  11.72 MB

MaxMetaspaceSize: unlimited
CompressedClassSpaceSize: 1.00 GB
Initial GC threshold: 21.00 MB
Current GC threshold: 85.88 MB
CDS: on
 - commit_granule_bytes: 65536.
 - commit_granule_words: 8192.
 - virtual_space_node_default_size: 8388608.
 - enlarge_chunks_in_place: 1.
 - use_allocation_guard: 0.


Internal statistics:

num_allocs_failed_limit: 6.
num_arena_births: 888.
num_arena_deaths: 24.
num_vsnodes_births: 2.
num_vsnodes_deaths: 0.
num_space_committed: 826.
num_space_uncommitted: 0.
num_chunks_returned_to_freelist: 32.
num_chunks_taken_from_freelist: 3189.
num_chunk_merges: 13.
num_chunk_splits: 1976.
num_chunks_enlarged: 1158.
num_inconsistent_stats: 0.

CodeHeap 'non-profiled nmethods': size=120000Kb used=6356Kb max_used=6356Kb free=113643Kb
 bounds [0x0000027c69a10000, 0x0000027c6a050000, 0x0000027c70f40000]
CodeHeap 'profiled nmethods': size=120000Kb used=18298Kb max_used=18509Kb free=101701Kb
 bounds [0x0000027c61f40000, 0x0000027c63160000, 0x0000027c69470000]
CodeHeap 'non-nmethods': size=5760Kb used=1402Kb max_used=1578Kb free=4357Kb
 bounds [0x0000027c69470000, 0x0000027c696e0000, 0x0000027c69a10000]
 total_blobs=9154 nmethods=8447 adapters=611
 compilation: enabled
              stopped_count=0, restarted_count=0
 full_count=0

Compilation events (20 events):
Event: 22.139 Thread 0x0000027c5ecc89b0 9258       2       java.util.Date::getTime (5 bytes)
Event: 22.140 Thread 0x0000027c5ecc89b0 nmethod 9258 0x0000027c620d2490 code [0x0000027c620d2640, 0x0000027c620d2790]
Event: 22.140 Thread 0x0000027c5ecc89b0 9259       2       java.util.Date::getTimeImpl (27 bytes)
Event: 22.140 Thread 0x0000027c5ecc89b0 nmethod 9259 0x0000027c62383890 code [0x0000027c62383a40, 0x0000027c62383b90]
Event: 22.187 Thread 0x0000027c5ecc5e80 nmethod 9241 0x0000027c6a02c290 code [0x0000027c6a02c800, 0x0000027c6a0303c8]
Event: 22.188 Thread 0x0000027c5ecc5e80 9260 % !   4       org.eclipse.jdt.internal.compiler.classfmt.ClassFileReader::<init> @ 81 (2135 bytes)
Event: 22.236 Thread 0x0000027c5ecc89b0 9262       3       org.eclipse.jdt.internal.compiler.classfmt.ClassFileReader::decodeAnnotations (252 bytes)
Event: 22.237 Thread 0x0000027c5ecc89b0 nmethod 9262 0x0000027c627a4110 code [0x0000027c627a4360, 0x0000027c627a5290]
Event: 22.246 Thread 0x0000027c5ecc89b0 9263       2       org.eclipse.jdt.internal.compiler.ast.Annotation::getTargetElementType (278 bytes)
Event: 22.247 Thread 0x0000027c5ecc89b0 nmethod 9263 0x0000027c6238cb10 code [0x0000027c6238cda0, 0x0000027c6238d400]
Event: 22.281 Thread 0x0000027c5ecc89b0 9266 %     3       org.eclipse.jdt.internal.core.index.DiskIndex::writeAllDocumentNames @ 300 (512 bytes)
Event: 22.285 Thread 0x0000027c5ecc89b0 nmethod 9266% 0x0000027c6282d910 code [0x0000027c6282dde0, 0x0000027c62830a20]
Event: 22.390 Thread 0x0000027c5ecc89b0 9267       2       org.eclipse.osgi.internal.framework.EquinoxBundle$1::run (40 bytes)
Event: 22.391 Thread 0x0000027c5ecc89b0 nmethod 9267 0x0000027c628bb110 code [0x0000027c628bb300, 0x0000027c628bb5e8]
Event: 22.391 Thread 0x0000027c5ecc89b0 9268       2       org.eclipse.core.internal.localstore.UnifiedTree::isChildrenMarker (11 bytes)
Event: 22.391 Thread 0x0000027c5ecc89b0 nmethod 9268 0x0000027c62386890 code [0x0000027c62386a40, 0x0000027c62386b88]
Event: 22.391 Thread 0x0000027c5ecc89b0 9269       2       org.eclipse.core.internal.localstore.UnifiedTree::isLevelMarker (11 bytes)
Event: 22.391 Thread 0x0000027c5ecc89b0 nmethod 9269 0x0000027c6238da90 code [0x0000027c6238dc40, 0x0000027c6238dd88]
Event: 22.392 Thread 0x0000027c5ecc89b0 9270       2       java.lang.ThreadLocal$ThreadLocalMap::expungeStaleEntry (146 bytes)
Event: 22.392 Thread 0x0000027c5ecc89b0 nmethod 9270 0x0000027c6217a710 code [0x0000027c6217a8c0, 0x0000027c6217acc8]

GC Heap History (20 events):
Event: 22.242 GC heap before
{Heap before GC invocations=459 (full 3):
 PSYoungGen      total 3072K, used 3008K [0x00000000d5580000, 0x00000000d5a00000, 0x0000000100000000)
  eden space 2560K, 100% used [0x00000000d5580000,0x00000000d5800000,0x00000000d5800000)
  from space 512K, 87% used [0x00000000d5900000,0x00000000d5970020,0x00000000d5980000)
  to   space 512K, 0% used [0x00000000d5980000,0x00000000d5980000,0x00000000d5a00000)
 ParOldGen       total 363520K, used 363385K [0x0000000080000000, 0x0000000096300000, 0x00000000d5580000)
  object space 363520K, 99% used [0x0000000080000000,0x00000000962de410,0x0000000096300000)
 Metaspace       used 51687K, committed 52864K, reserved 1114112K
  class space    used 5380K, committed 5888K, reserved 1048576K
}
Event: 22.243 GC heap after
{Heap after GC invocations=459 (full 3):
 PSYoungGen      total 3072K, used 416K [0x00000000d5580000, 0x00000000d5a00000, 0x0000000100000000)
  eden space 2560K, 0% used [0x00000000d5580000,0x00000000d5580000,0x00000000d5800000)
  from space 512K, 81% used [0x00000000d5980000,0x00000000d59e8000,0x00000000d5a00000)
  to   space 512K, 0% used [0x00000000d5900000,0x00000000d5900000,0x00000000d5980000)
 ParOldGen       total 364032K, used 363665K [0x0000000080000000, 0x0000000096380000, 0x00000000d5580000)
  object space 364032K, 99% used [0x0000000080000000,0x0000000096324410,0x0000000096380000)
 Metaspace       used 51687K, committed 52864K, reserved 1114112K
  class space    used 5380K, committed 5888K, reserved 1048576K
}
Event: 22.255 GC heap before
{Heap before GC invocations=460 (full 3):
 PSYoungGen      total 3072K, used 2976K [0x00000000d5580000, 0x00000000d5a00000, 0x0000000100000000)
  eden space 2560K, 100% used [0x00000000d5580000,0x00000000d5800000,0x00000000d5800000)
  from space 512K, 81% used [0x00000000d5980000,0x00000000d59e8000,0x00000000d5a00000)
  to   space 512K, 0% used [0x00000000d5900000,0x00000000d5900000,0x00000000d5980000)
 ParOldGen       total 364032K, used 363665K [0x0000000080000000, 0x0000000096380000, 0x00000000d5580000)
  object space 364032K, 99% used [0x0000000080000000,0x0000000096324410,0x0000000096380000)
 Metaspace       used 51687K, committed 52864K, reserved 1114112K
  class space    used 5380K, committed 5888K, reserved 1048576K
}
Event: 22.257 GC heap after
{Heap after GC invocations=460 (full 3):
 PSYoungGen      total 3072K, used 352K [0x00000000d5580000, 0x00000000d5a00000, 0x0000000100000000)
  eden space 2560K, 0% used [0x00000000d5580000,0x00000000d5580000,0x00000000d5800000)
  from space 512K, 68% used [0x00000000d5900000,0x00000000d5958000,0x00000000d5980000)
  to   space 512K, 0% used [0x00000000d5980000,0x00000000d5980000,0x00000000d5a00000)
 ParOldGen       total 364032K, used 363929K [0x0000000080000000, 0x0000000096380000, 0x00000000d5580000)
  object space 364032K, 99% used [0x0000000080000000,0x0000000096366410,0x0000000096380000)
 Metaspace       used 51687K, committed 52864K, reserved 1114112K
  class space    used 5380K, committed 5888K, reserved 1048576K
}
Event: 22.273 GC heap before
{Heap before GC invocations=461 (full 3):
 PSYoungGen      total 3072K, used 2912K [0x00000000d5580000, 0x00000000d5a00000, 0x0000000100000000)
  eden space 2560K, 100% used [0x00000000d5580000,0x00000000d5800000,0x00000000d5800000)
  from space 512K, 68% used [0x00000000d5900000,0x00000000d5958000,0x00000000d5980000)
  to   space 512K, 0% used [0x00000000d5980000,0x00000000d5980000,0x00000000d5a00000)
 ParOldGen       total 364032K, used 363929K [0x0000000080000000, 0x0000000096380000, 0x00000000d5580000)
  object space 364032K, 99% used [0x0000000080000000,0x0000000096366410,0x0000000096380000)
 Metaspace       used 51687K, committed 52864K, reserved 1114112K
  class space    used 5380K, committed 5888K, reserved 1048576K
}
Event: 22.275 GC heap after
{Heap after GC invocations=461 (full 3):
 PSYoungGen      total 3072K, used 504K [0x00000000d5580000, 0x00000000d5a00000, 0x0000000100000000)
  eden space 2560K, 0% used [0x00000000d5580000,0x00000000d5580000,0x00000000d5800000)
  from space 512K, 98% used [0x00000000d5980000,0x00000000d59fe008,0x00000000d5a00000)
  to   space 1024K, 0% used [0x00000000d5800000,0x00000000d5800000,0x00000000d5900000)
 ParOldGen       total 364544K, used 364209K [0x0000000080000000, 0x0000000096400000, 0x00000000d5580000)
  object space 364544K, 99% used [0x0000000080000000,0x00000000963ac410,0x0000000096400000)
 Metaspace       used 51687K, committed 52864K, reserved 1114112K
  class space    used 5380K, committed 5888K, reserved 1048576K
}
Event: 22.291 GC heap before
{Heap before GC invocations=462 (full 3):
 PSYoungGen      total 3072K, used 3063K [0x00000000d5580000, 0x00000000d5a00000, 0x0000000100000000)
  eden space 2560K, 99% used [0x00000000d5580000,0x00000000d57fffe0,0x00000000d5800000)
  from space 512K, 98% used [0x00000000d5980000,0x00000000d59fe008,0x00000000d5a00000)
  to   space 1024K, 0% used [0x00000000d5800000,0x00000000d5800000,0x00000000d5900000)
 ParOldGen       total 364544K, used 364209K [0x0000000080000000, 0x0000000096400000, 0x00000000d5580000)
  object space 364544K, 99% used [0x0000000080000000,0x00000000963ac410,0x0000000096400000)
 Metaspace       used 51687K, committed 52864K, reserved 1114112K
  class space    used 5380K, committed 5888K, reserved 1048576K
}
Event: 22.293 GC heap after
{Heap after GC invocations=462 (full 3):
 PSYoungGen      total 3584K, used 976K [0x00000000d5580000, 0x00000000d5b00000, 0x0000000100000000)
  eden space 2560K, 0% used [0x00000000d5580000,0x00000000d5580000,0x00000000d5800000)
  from space 1024K, 95% used [0x00000000d5800000,0x00000000d58f4000,0x00000000d5900000)
  to   space 1536K, 0% used [0x00000000d5980000,0x00000000d5980000,0x00000000d5b00000)
 ParOldGen       total 365056K, used 364657K [0x0000000080000000, 0x0000000096480000, 0x00000000d5580000)
  object space 365056K, 99% used [0x0000000080000000,0x000000009641c418,0x0000000096480000)
 Metaspace       used 51687K, committed 52864K, reserved 1114112K
  class space    used 5380K, committed 5888K, reserved 1048576K
}
Event: 22.351 GC heap before
{Heap before GC invocations=463 (full 3):
 PSYoungGen      total 3584K, used 3536K [0x00000000d5580000, 0x00000000d5b00000, 0x0000000100000000)
  eden space 2560K, 100% used [0x00000000d5580000,0x00000000d5800000,0x00000000d5800000)
  from space 1024K, 95% used [0x00000000d5800000,0x00000000d58f4000,0x00000000d5900000)
  to   space 1536K, 0% used [0x00000000d5980000,0x00000000d5980000,0x00000000d5b00000)
 ParOldGen       total 365056K, used 364657K [0x0000000080000000, 0x0000000096480000, 0x00000000d5580000)
  object space 365056K, 99% used [0x0000000080000000,0x000000009641c418,0x0000000096480000)
 Metaspace       used 51687K, committed 52864K, reserved 1114112K
  class space    used 5380K, committed 5888K, reserved 1048576K
}
Event: 22.353 GC heap after
{Heap after GC invocations=463 (full 3):
 PSYoungGen      total 4096K, used 1067K [0x00000000d5580000, 0x00000000d5b00000, 0x0000000100000000)
  eden space 2560K, 0% used [0x00000000d5580000,0x00000000d5580000,0x00000000d5800000)
  from space 1536K, 69% used [0x00000000d5980000,0x00000000d5a8ad00,0x00000000d5b00000)
  to   space 1536K, 0% used [0x00000000d5800000,0x00000000d5800000,0x00000000d5980000)
 ParOldGen       total 365056K, used 364825K [0x0000000080000000, 0x0000000096480000, 0x00000000d5580000)
  object space 365056K, 99% used [0x0000000080000000,0x0000000096446418,0x0000000096480000)
 Metaspace       used 51687K, committed 52864K, reserved 1114112K
  class space    used 5380K, committed 5888K, reserved 1048576K
}
Event: 22.364 GC heap before
{Heap before GC invocations=464 (full 3):
 PSYoungGen      total 4096K, used 3627K [0x00000000d5580000, 0x00000000d5b00000, 0x0000000100000000)
  eden space 2560K, 100% used [0x00000000d5580000,0x00000000d5800000,0x00000000d5800000)
  from space 1536K, 69% used [0x00000000d5980000,0x00000000d5a8ad00,0x00000000d5b00000)
  to   space 1536K, 0% used [0x00000000d5800000,0x00000000d5800000,0x00000000d5980000)
 ParOldGen       total 365056K, used 364825K [0x0000000080000000, 0x0000000096480000, 0x00000000d5580000)
  object space 365056K, 99% used [0x0000000080000000,0x0000000096446418,0x0000000096480000)
 Metaspace       used 51687K, committed 52864K, reserved 1114112K
  class space    used 5380K, committed 5888K, reserved 1048576K
}
Event: 22.365 GC heap after
{Heap after GC invocations=464 (full 3):
 PSYoungGen      total 3072K, used 480K [0x00000000d5580000, 0x00000000d5a00000, 0x0000000100000000)
  eden space 2560K, 0% used [0x00000000d5580000,0x00000000d5580000,0x00000000d5800000)
  from space 512K, 93% used [0x00000000d5800000,0x00000000d5878000,0x00000000d5880000)
  to   space 1024K, 0% used [0x00000000d5900000,0x00000000d5900000,0x00000000d5a00000)
 ParOldGen       total 366080K, used 365817K [0x0000000080000000, 0x0000000096580000, 0x00000000d5580000)
  object space 366080K, 99% used [0x0000000080000000,0x000000009653e560,0x0000000096580000)
 Metaspace       used 51687K, committed 52864K, reserved 1114112K
  class space    used 5380K, committed 5888K, reserved 1048576K
}
Event: 22.375 GC heap before
{Heap before GC invocations=465 (full 3):
 PSYoungGen      total 3072K, used 3040K [0x00000000d5580000, 0x00000000d5a00000, 0x0000000100000000)
  eden space 2560K, 100% used [0x00000000d5580000,0x00000000d5800000,0x00000000d5800000)
  from space 512K, 93% used [0x00000000d5800000,0x00000000d5878000,0x00000000d5880000)
  to   space 1024K, 0% used [0x00000000d5900000,0x00000000d5900000,0x00000000d5a00000)
 ParOldGen       total 366080K, used 365817K [0x0000000080000000, 0x0000000096580000, 0x00000000d5580000)
  object space 366080K, 99% used [0x0000000080000000,0x000000009653e560,0x0000000096580000)
 Metaspace       used 51687K, committed 52864K, reserved 1114112K
  class space    used 5380K, committed 5888K, reserved 1048576K
}
Event: 22.377 GC heap after
{Heap after GC invocations=465 (full 3):
 PSYoungGen      total 3072K, used 416K [0x00000000d5580000, 0x00000000d5980000, 0x0000000100000000)
  eden space 2560K, 0% used [0x00000000d5580000,0x00000000d5580000,0x00000000d5800000)
  from space 512K, 81% used [0x00000000d5900000,0x00000000d5968000,0x00000000d5980000)
  to   space 512K, 0% used [0x00000000d5800000,0x00000000d5800000,0x00000000d5880000)
 ParOldGen       total 366592K, used 366198K [0x0000000080000000, 0x0000000096600000, 0x00000000d5580000)
  object space 366592K, 99% used [0x0000000080000000,0x000000009659db68,0x0000000096600000)
 Metaspace       used 51687K, committed 52864K, reserved 1114112K
  class space    used 5380K, committed 5888K, reserved 1048576K
}
Event: 22.387 GC heap before
{Heap before GC invocations=466 (full 3):
 PSYoungGen      total 3072K, used 2976K [0x00000000d5580000, 0x00000000d5980000, 0x0000000100000000)
  eden space 2560K, 100% used [0x00000000d5580000,0x00000000d5800000,0x00000000d5800000)
  from space 512K, 81% used [0x00000000d5900000,0x00000000d5968000,0x00000000d5980000)
  to   space 512K, 0% used [0x00000000d5800000,0x00000000d5800000,0x00000000d5880000)
 ParOldGen       total 366592K, used 366198K [0x0000000080000000, 0x0000000096600000, 0x00000000d5580000)
  object space 366592K, 99% used [0x0000000080000000,0x000000009659db68,0x0000000096600000)
 Metaspace       used 51687K, committed 52864K, reserved 1114112K
  class space    used 5380K, committed 5888K, reserved 1048576K
}
Event: 22.388 GC heap after
{Heap after GC invocations=466 (full 3):
 PSYoungGen      total 3072K, used 507K [0x00000000d5580000, 0x00000000d5a00000, 0x0000000100000000)
  eden space 2560K, 0% used [0x00000000d5580000,0x00000000d5580000,0x00000000d5800000)
  from space 512K, 99% used [0x00000000d5800000,0x00000000d587ec08,0x00000000d5880000)
  to   space 1024K, 0% used [0x00000000d5900000,0x00000000d5900000,0x00000000d5a00000)
 ParOldGen       total 366592K, used 366550K [0x0000000080000000, 0x0000000096600000, 0x00000000d5580000)
  object space 366592K, 99% used [0x0000000080000000,0x00000000965f5b68,0x0000000096600000)
 Metaspace       used 51687K, committed 52864K, reserved 1114112K
  class space    used 5380K, committed 5888K, reserved 1048576K
}
Event: 22.401 GC heap before
{Heap before GC invocations=467 (full 3):
 PSYoungGen      total 3072K, used 3067K [0x00000000d5580000, 0x00000000d5a00000, 0x0000000100000000)
  eden space 2560K, 100% used [0x00000000d5580000,0x00000000d5800000,0x00000000d5800000)
  from space 512K, 99% used [0x00000000d5800000,0x00000000d587ec08,0x00000000d5880000)
  to   space 1024K, 0% used [0x00000000d5900000,0x00000000d5900000,0x00000000d5a00000)
 ParOldGen       total 366592K, used 366550K [0x0000000080000000, 0x0000000096600000, 0x00000000d5580000)
  object space 366592K, 99% used [0x0000000080000000,0x00000000965f5b68,0x0000000096600000)
 Metaspace       used 51688K, committed 52864K, reserved 1114112K
  class space    used 5380K, committed 5888K, reserved 1048576K
}
Event: 22.403 GC heap after
{Heap after GC invocations=467 (full 3):
 PSYoungGen      total 3584K, used 416K [0x00000000d5580000, 0x00000000d5a00000, 0x0000000100000000)
  eden space 2560K, 0% used [0x00000000d5580000,0x00000000d5580000,0x00000000d5800000)
  from space 1024K, 40% used [0x00000000d5900000,0x00000000d5968000,0x00000000d5a00000)
  to   space 1024K, 0% used [0x00000000d5800000,0x00000000d5800000,0x00000000d5900000)
 ParOldGen       total 367104K, used 367001K [0x0000000080000000, 0x0000000096680000, 0x00000000d5580000)
  object space 367104K, 99% used [0x0000000080000000,0x0000000096666770,0x0000000096680000)
 Metaspace       used 51688K, committed 52864K, reserved 1114112K
  class space    used 5380K, committed 5888K, reserved 1048576K
}
Event: 22.415 GC heap before
{Heap before GC invocations=468 (full 3):
 PSYoungGen      total 3584K, used 2976K [0x00000000d5580000, 0x00000000d5a00000, 0x0000000100000000)
  eden space 2560K, 100% used [0x00000000d5580000,0x00000000d5800000,0x00000000d5800000)
  from space 1024K, 40% used [0x00000000d5900000,0x00000000d5968000,0x00000000d5a00000)
  to   space 1024K, 0% used [0x00000000d5800000,0x00000000d5800000,0x00000000d5900000)
 ParOldGen       total 367104K, used 367001K [0x0000000080000000, 0x0000000096680000, 0x00000000d5580000)
  object space 367104K, 99% used [0x0000000080000000,0x0000000096666770,0x0000000096680000)
 Metaspace       used 51688K, committed 52864K, reserved 1114112K
  class space    used 5380K, committed 5888K, reserved 1048576K
}
Event: 22.417 GC heap after
{Heap after GC invocations=468 (full 3):
 PSYoungGen      total 3584K, used 502K [0x00000000d5580000, 0x00000000d5a00000, 0x0000000100000000)
  eden space 2560K, 0% used [0x00000000d5580000,0x00000000d5580000,0x00000000d5800000)
  from space 1024K, 49% used [0x00000000d5800000,0x00000000d587d808,0x00000000d5900000)
  to   space 1024K, 0% used [0x00000000d5900000,0x00000000d5900000,0x00000000d5a00000)
 ParOldGen       total 367616K, used 367329K [0x0000000080000000, 0x0000000096700000, 0x00000000d5580000)
  object space 367616K, 99% used [0x0000000080000000,0x00000000966b8770,0x0000000096700000)
 Metaspace       used 51688K, committed 52864K, reserved 1114112K
  class space    used 5380K, committed 5888K, reserved 1048576K
}

Dll operation events (10 events):
Event: 0.031 Loaded shared library c:\Users\mitan\.vscode\extensions\redhat.java-1.43.1-win32-x64\jre\21.0.7-win32-x86_64\bin\java.dll
Event: 0.153 Loaded shared library c:\Users\mitan\.vscode\extensions\redhat.java-1.43.1-win32-x64\jre\21.0.7-win32-x86_64\bin\zip.dll
Event: 0.187 Loaded shared library C:\Users\mitan\.vscode\extensions\redhat.java-1.43.1-win32-x64\jre\21.0.7-win32-x86_64\bin\instrument.dll
Event: 0.192 Loaded shared library C:\Users\mitan\.vscode\extensions\redhat.java-1.43.1-win32-x64\jre\21.0.7-win32-x86_64\bin\net.dll
Event: 0.195 Loaded shared library C:\Users\mitan\.vscode\extensions\redhat.java-1.43.1-win32-x64\jre\21.0.7-win32-x86_64\bin\nio.dll
Event: 0.201 Loaded shared library C:\Users\mitan\.vscode\extensions\redhat.java-1.43.1-win32-x64\jre\21.0.7-win32-x86_64\bin\zip.dll
Event: 0.228 Loaded shared library C:\Users\mitan\.vscode\extensions\redhat.java-1.43.1-win32-x64\jre\21.0.7-win32-x86_64\bin\jimage.dll
Event: 0.362 Loaded shared library c:\Users\mitan\.vscode\extensions\redhat.java-1.43.1-win32-x64\jre\21.0.7-win32-x86_64\bin\verify.dll
Event: 2.122 Loaded shared library C:\Users\mitan\AppData\Roaming\Code\User\globalStorage\redhat.java\1.43.1\config_win\org.eclipse.equinox.launcher\org.eclipse.equinox.launcher.win32.win32.x86_64_1.2.1300.v20250331-1702\eclipse_11911.dll
Event: 4.622 Loaded shared library C:\Users\mitan\AppData\Local\Temp\jna-103906437\jna1734972520442196991.dll

Deoptimization events (20 events):
Event: 21.977 Thread 0x0000027c7be75640 DEOPT PACKING pc=0x0000027c62d720b0 sp=0x000000985c2fe870
Event: 21.977 Thread 0x0000027c7be75640 DEOPT UNPACKING pc=0x0000027c694c4242 sp=0x000000985c2fdcb8 mode 0
Event: 21.986 Thread 0x0000027c7be75640 DEOPT PACKING pc=0x0000027c62d720b0 sp=0x000000985c2febe0
Event: 21.986 Thread 0x0000027c7be75640 DEOPT UNPACKING pc=0x0000027c694c4242 sp=0x000000985c2fe028 mode 0
Event: 22.038 Thread 0x0000027c7be75640 DEOPT PACKING pc=0x0000027c62d720b0 sp=0x000000985c2febe0
Event: 22.038 Thread 0x0000027c7be75640 DEOPT UNPACKING pc=0x0000027c694c4242 sp=0x000000985c2fe028 mode 0
Event: 22.079 Thread 0x0000027c7be75640 DEOPT PACKING pc=0x0000027c62d720b0 sp=0x000000985c2febe0
Event: 22.079 Thread 0x0000027c7be75640 DEOPT UNPACKING pc=0x0000027c694c4242 sp=0x000000985c2fe028 mode 0
Event: 22.125 Thread 0x0000027c7be75640 DEOPT PACKING pc=0x0000027c62d720b0 sp=0x000000985c2febe0
Event: 22.125 Thread 0x0000027c7be75640 DEOPT UNPACKING pc=0x0000027c694c4242 sp=0x000000985c2fe028 mode 0
Event: 22.179 Thread 0x0000027c7be75640 DEOPT PACKING pc=0x0000027c62d720b0 sp=0x000000985c2febe0
Event: 22.179 Thread 0x0000027c7be75640 DEOPT UNPACKING pc=0x0000027c694c4242 sp=0x000000985c2fe028 mode 0
Event: 22.223 Thread 0x0000027c7be75640 DEOPT PACKING pc=0x0000027c62d720b0 sp=0x000000985c2febe0
Event: 22.223 Thread 0x0000027c7be75640 DEOPT UNPACKING pc=0x0000027c694c4242 sp=0x000000985c2fe028 mode 0
Event: 22.266 Thread 0x0000027c7be75640 DEOPT PACKING pc=0x0000027c62d720b0 sp=0x000000985c2febe0
Event: 22.266 Thread 0x0000027c7be75640 DEOPT UNPACKING pc=0x0000027c694c4242 sp=0x000000985c2fe028 mode 0
Event: 22.379 Thread 0x0000027c7be75640 DEOPT PACKING pc=0x0000027c62d720b0 sp=0x000000985c2febe0
Event: 22.379 Thread 0x0000027c7be75640 DEOPT UNPACKING pc=0x0000027c694c4242 sp=0x000000985c2fe028 mode 0
Event: 22.417 Thread 0x0000027c7be75640 DEOPT PACKING pc=0x0000027c62d720b0 sp=0x000000985c2febe0
Event: 22.417 Thread 0x0000027c7be75640 DEOPT UNPACKING pc=0x0000027c694c4242 sp=0x000000985c2fe028 mode 0

Classes loaded (20 events):
Event: 16.301 Loading class java/util/TreeMap$AscendingSubMap
Event: 16.302 Loading class java/util/TreeMap$NavigableSubMap
Event: 16.302 Loading class java/util/TreeMap$NavigableSubMap done
Event: 16.302 Loading class java/util/TreeMap$AscendingSubMap done
Event: 16.303 Loading class java/util/TreeMap$AscendingSubMap$AscendingEntrySetView
Event: 16.303 Loading class java/util/TreeMap$NavigableSubMap$EntrySetView
Event: 16.303 Loading class java/util/TreeMap$NavigableSubMap$EntrySetView done
Event: 16.303 Loading class java/util/TreeMap$AscendingSubMap$AscendingEntrySetView done
Event: 16.303 Loading class java/util/TreeMap$NavigableSubMap$SubMapEntryIterator
Event: 16.303 Loading class java/util/TreeMap$NavigableSubMap$SubMapIterator
Event: 16.303 Loading class java/util/TreeMap$NavigableSubMap$SubMapIterator done
Event: 16.303 Loading class java/util/TreeMap$NavigableSubMap$SubMapEntryIterator done
Event: 16.308 Loading class java/util/regex/PatternSyntaxException
Event: 16.308 Loading class java/util/regex/PatternSyntaxException done
Event: 16.311 Loading class java/util/ImmutableCollections$SubList
Event: 16.311 Loading class java/util/ImmutableCollections$SubList done
Event: 21.096 Loading class java/util/ArrayDeque$DeqSpliterator
Event: 21.096 Loading class java/util/ArrayDeque$DeqSpliterator done
Event: 21.625 Loading class sun/nio/fs/WindowsFileCopy
Event: 21.625 Loading class sun/nio/fs/WindowsFileCopy done

Classes unloaded (12 events):
Event: 8.550 Thread 0x0000027c5ee00660 Unloading class 0x0000027c011a5000 'java/lang/invoke/LambdaForm$MH+0x0000027c011a5000'
Event: 8.550 Thread 0x0000027c5ee00660 Unloading class 0x0000027c011a4c00 'java/lang/invoke/LambdaForm$MH+0x0000027c011a4c00'
Event: 8.550 Thread 0x0000027c5ee00660 Unloading class 0x0000027c011a4800 'java/lang/invoke/LambdaForm$MH+0x0000027c011a4800'
Event: 8.550 Thread 0x0000027c5ee00660 Unloading class 0x0000027c011a4400 'java/lang/invoke/LambdaForm$MH+0x0000027c011a4400'
Event: 8.550 Thread 0x0000027c5ee00660 Unloading class 0x0000027c011a4000 'java/lang/invoke/LambdaForm$BMH+0x0000027c011a4000'
Event: 8.550 Thread 0x0000027c5ee00660 Unloading class 0x0000027c011a3c00 'java/lang/invoke/LambdaForm$DMH+0x0000027c011a3c00'
Event: 8.550 Thread 0x0000027c5ee00660 Unloading class 0x0000027c011a2800 'java/lang/invoke/LambdaForm$DMH+0x0000027c011a2800'
Event: 10.539 Thread 0x0000027c5ee00660 Unloading class 0x0000027c01303c00 'java/lang/invoke/LambdaForm$MH+0x0000027c01303c00'
Event: 10.539 Thread 0x0000027c5ee00660 Unloading class 0x0000027c01303400 'java/lang/invoke/LambdaForm$MH+0x0000027c01303400'
Event: 10.539 Thread 0x0000027c5ee00660 Unloading class 0x0000027c01302c00 'java/lang/invoke/LambdaForm$MH+0x0000027c01302c00'
Event: 10.539 Thread 0x0000027c5ee00660 Unloading class 0x0000027c01302800 'java/lang/invoke/LambdaForm$DMH+0x0000027c01302800'
Event: 10.539 Thread 0x0000027c5ee00660 Unloading class 0x0000027c01301c00 'java/lang/invoke/LambdaForm$MH+0x0000027c01301c00'

Classes redefined (0 events):
No events

Internal exceptions (20 events):
Event: 20.019 Thread 0x0000027c7ecd0aa0 Exception <a 'sun/nio/fs/WindowsException'{0x00000000d55f5fc8}> (0x00000000d55f5fc8) 
thrown [s\src\hotspot\share\prims\jni.cpp, line 520]
Event: 20.019 Thread 0x0000027c7ecd0aa0 Exception <a 'sun/nio/fs/WindowsException'{0x00000000d55f9800}> (0x00000000d55f9800) 
thrown [s\src\hotspot\share\prims\jni.cpp, line 520]
Event: 20.019 Thread 0x0000027c7ecd0aa0 Exception <a 'sun/nio/fs/WindowsException'{0x00000000d55f9f10}> (0x00000000d55f9f10) 
thrown [s\src\hotspot\share\prims\jni.cpp, line 520]
Event: 20.035 Thread 0x0000027c7ecd0aa0 Exception <a 'sun/nio/fs/WindowsException'{0x00000000d5606538}> (0x00000000d5606538) 
thrown [s\src\hotspot\share\prims\jni.cpp, line 520]
Event: 20.047 Thread 0x0000027c7eccbbe0 Exception <a 'sun/nio/fs/WindowsException'{0x00000000d560bb58}> (0x00000000d560bb58) 
thrown [s\src\hotspot\share\prims\jni.cpp, line 520]
Event: 20.047 Thread 0x0000027c7e68c7a0 Exception <a 'sun/nio/fs/WindowsException'{0x00000000d56527d8}> (0x00000000d56527d8) 
thrown [s\src\hotspot\share\prims\jni.cpp, line 520]
Event: 20.086 Thread 0x0000027c7e68e1e0 Exception <a 'sun/nio/fs/WindowsException'{0x00000000d562bbc0}> (0x00000000d562bbc0) 
thrown [s\src\hotspot\share\prims\jni.cpp, line 520]
Event: 20.086 Thread 0x0000027c7e6902b0 Exception <a 'sun/nio/fs/WindowsException'{0x00000000d562d080}> (0x00000000d562d080) 
thrown [s\src\hotspot\share\prims\jni.cpp, line 520]
Event: 20.261 Thread 0x0000027c7ecd0aa0 Exception <a 'sun/nio/fs/WindowsException'{0x00000000d55a7ef0}> (0x00000000d55a7ef0) 
thrown [s\src\hotspot\share\prims\jni.cpp, line 520]
Event: 20.341 Thread 0x0000027c7ecd0aa0 Exception <a 'sun/nio/fs/WindowsException'{0x00000000d55bce48}> (0x00000000d55bce48) 
thrown [s\src\hotspot\share\prims\jni.cpp, line 520]
Event: 20.883 Thread 0x0000027c7ecd0aa0 Exception <a 'sun/nio/fs/WindowsException'{0x00000000d55da340}> (0x00000000d55da340) 
thrown [s\src\hotspot\share\prims\jni.cpp, line 520]
Event: 20.958 Thread 0x0000027c7ecd0aa0 Exception <a 'sun/nio/fs/WindowsException'{0x00000000d565dd68}> (0x00000000d565dd68) 
thrown [s\src\hotspot\share\prims\jni.cpp, line 520]
Event: 21.469 Thread 0x0000027c7ecd0aa0 Exception <a 'sun/nio/fs/WindowsException'{0x00000000d57518b8}> (0x00000000d57518b8) 
thrown [s\src\hotspot\share\prims\jni.cpp, line 520]
Event: 21.625 Thread 0x0000027c7be75640 Exception <a 'sun/nio/fs/WindowsException'{0x00000000d561e7c0}> (0x00000000d561e7c0) 
thrown [s\src\hotspot\share\prims\jni.cpp, line 520]
Event: 21.753 Thread 0x0000027c7be75640 Exception <a 'sun/nio/fs/WindowsException'{0x00000000d55f51c8}> (0x00000000d55f51c8) 
thrown [s\src\hotspot\share\prims\jni.cpp, line 520]
Event: 21.882 Thread 0x0000027c7be75640 Exception <a 'sun/nio/fs/WindowsException'{0x00000000d55fe500}> (0x00000000d55fe500) 
thrown [s\src\hotspot\share\prims\jni.cpp, line 520]
Event: 22.065 Thread 0x0000027c7ecd0aa0 Exception <a 'sun/nio/fs/WindowsException'{0x00000000d5631770}> (0x00000000d5631770) 
thrown [s\src\hotspot\share\prims\jni.cpp, line 520]
Event: 22.133 Thread 0x0000027c7ecd0aa0 Exception <a 'sun/nio/fs/WindowsException'{0x00000000d5760008}> (0x00000000d5760008) 
thrown [s\src\hotspot\share\prims\jni.cpp, line 520]
Event: 22.138 Thread 0x0000027c7ecd0aa0 Exception <a 'sun/nio/fs/WindowsException'{0x00000000d57a0738}> (0x00000000d57a0738) 
thrown [s\src\hotspot\share\prims\jni.cpp, line 520]
Event: 22.337 Thread 0x0000027c7be75640 Exception <a 'sun/nio/fs/WindowsException'{0x00000000d56d4398}> (0x00000000d56d4398) 
thrown [s\src\hotspot\share\prims\jni.cpp, line 520]

ZGC Phase Switch (0 events):
No events

VM Operations (20 events):
Event: 22.242 Executing VM operation: ParallelGCFailedAllocation (Allocation Failure)
Event: 22.243 Executing VM operation: ParallelGCFailedAllocation (Allocation Failure) done
Event: 22.255 Executing VM operation: ParallelGCFailedAllocation (Allocation Failure)
Event: 22.257 Executing VM operation: ParallelGCFailedAllocation (Allocation Failure) done
Event: 22.273 Executing VM operation: ParallelGCFailedAllocation (Allocation Failure)
Event: 22.275 Executing VM operation: ParallelGCFailedAllocation (Allocation Failure) done
Event: 22.291 Executing VM operation: ParallelGCFailedAllocation (Allocation Failure)
Event: 22.293 Executing VM operation: ParallelGCFailedAllocation (Allocation Failure) done
Event: 22.351 Executing VM operation: ParallelGCFailedAllocation (Allocation Failure)
Event: 22.353 Executing VM operation: ParallelGCFailedAllocation (Allocation Failure) done
Event: 22.364 Executing VM operation: ParallelGCFailedAllocation (Allocation Failure)
Event: 22.365 Executing VM operation: ParallelGCFailedAllocation (Allocation Failure) done
Event: 22.375 Executing VM operation: ParallelGCFailedAllocation (Allocation Failure)
Event: 22.377 Executing VM operation: ParallelGCFailedAllocation (Allocation Failure) done
Event: 22.387 Executing VM operation: ParallelGCFailedAllocation (Allocation Failure)
Event: 22.389 Executing VM operation: ParallelGCFailedAllocation (Allocation Failure) done
Event: 22.401 Executing VM operation: ParallelGCFailedAllocation (Allocation Failure)
Event: 22.403 Executing VM operation: ParallelGCFailedAllocation (Allocation Failure) done
Event: 22.415 Executing VM operation: ParallelGCFailedAllocation (Allocation Failure)
Event: 22.417 Executing VM operation: ParallelGCFailedAllocation (Allocation Failure) done

Memory protections (0 events):
No events

Nmethod flushes (20 events):
Event: 20.511 Thread 0x0000027c5ee00660 flushing  nmethod 0x0000027c62887810
Event: 20.511 Thread 0x0000027c5ee00660 flushing  nmethod 0x0000027c6289d610
Event: 20.511 Thread 0x0000027c5ee00660 flushing  nmethod 0x0000027c628a7810
Event: 20.511 Thread 0x0000027c5ee00660 flushing  nmethod 0x0000027c628a8390
Event: 20.511 Thread 0x0000027c5ee00660 flushing  nmethod 0x0000027c628a8b10
Event: 20.511 Thread 0x0000027c5ee00660 flushing  nmethod 0x0000027c628a9290
Event: 20.511 Thread 0x0000027c5ee00660 flushing  nmethod 0x0000027c628b9290
Event: 20.511 Thread 0x0000027c5ee00660 flushing  nmethod 0x0000027c628bb110
Event: 20.511 Thread 0x0000027c5ee00660 flushing  nmethod 0x0000027c628bd290
Event: 20.511 Thread 0x0000027c5ee00660 flushing  nmethod 0x0000027c628bdc90
Event: 20.511 Thread 0x0000027c5ee00660 flushing  nmethod 0x0000027c628be110
Event: 20.511 Thread 0x0000027c5ee00660 flushing  nmethod 0x0000027c628c2810
Event: 20.511 Thread 0x0000027c5ee00660 flushing  nmethod 0x0000027c628c6f10
Event: 20.511 Thread 0x0000027c5ee00660 flushing  nmethod 0x0000027c628cb390
Event: 20.511 Thread 0x0000027c5ee00660 flushing  nmethod 0x0000027c628e4490
Event: 20.511 Thread 0x0000027c5ee00660 flushing  nmethod 0x0000027c628e7c90
Event: 20.511 Thread 0x0000027c5ee00660 flushing osr nmethod 0x0000027c62925610
Event: 20.511 Thread 0x0000027c5ee00660 flushing  nmethod 0x0000027c6292e990
Event: 20.511 Thread 0x0000027c5ee00660 flushing  nmethod 0x0000027c6293e990
Event: 20.511 Thread 0x0000027c5ee00660 flushing  nmethod 0x0000027c62986190

Events (20 events):
Event: 15.959 Thread 0x0000027c7e68c7a0 Thread added: 0x0000027c7e6902b0
Event: 15.959 Thread 0x0000027c7e68b3f0 Thread added: 0x0000027c7e690940
Event: 15.959 Thread 0x0000027c7e6902b0 Thread added: 0x0000027c7e68ef00
Event: 15.960 Thread 0x0000027c7e68c7a0 Thread added: 0x0000027c7e68e1e0
Event: 17.968 Thread 0x0000027c7c8c8e60 Thread exited: 0x0000027c7c8c8e60
Event: 18.440 Thread 0x0000027c7c352990 Thread exited: 0x0000027c7c352990
Event: 18.909 Thread 0x0000027c5ecc89b0 Thread added: 0x0000027c41380420
Event: 18.911 Thread 0x0000027c5ecc89b0 Thread added: 0x0000027c41380af0
Event: 19.124 Thread 0x0000027c41380af0 Thread exited: 0x0000027c41380af0
Event: 19.380 Thread 0x0000027c41380420 Thread exited: 0x0000027c41380420
Event: 19.605 Thread 0x0000027c5ecc5e80 Thread added: 0x0000027c41381890
Event: 20.010 Thread 0x0000027c41381890 Thread exited: 0x0000027c41381890
Event: 20.030 Thread 0x0000027c5ecc89b0 Thread added: 0x0000027c41381f60
Event: 20.030 Thread 0x0000027c5ecc89b0 Thread added: 0x0000027c41380420
Event: 20.339 Thread 0x0000027c41380420 Thread exited: 0x0000027c41380420
Event: 20.340 Thread 0x0000027c41381f60 Thread exited: 0x0000027c41381f60
Event: 21.116 Thread 0x0000027c5ecc5e80 Thread added: 0x0000027c413811c0
Event: 21.607 Thread 0x0000027c413811c0 Thread exited: 0x0000027c413811c0
Event: 21.730 Thread 0x0000027c5ecc89b0 Thread added: 0x0000027c41380420
Event: 21.730 Thread 0x0000027c5ecc89b0 Thread added: 0x0000027c413811c0


Dynamic libraries:
0x00007ff704e20000 - 0x00007ff704e2e000 	c:\Users\mitan\.vscode\extensions\redhat.java-1.43.1-win32-x64\jre\21.0.7-win32-x86_64\bin\java.exe
0x00007ffb95710000 - 0x00007ffb95908000 	C:\Windows\SYSTEM32\ntdll.dll
0x00007ffb95520000 - 0x00007ffb955e2000 	C:\Windows\System32\KERNEL32.DLL
0x00007ffb92e30000 - 0x00007ffb93126000 	C:\Windows\System32\KERNELBASE.dll
0x00007ffb93320000 - 0x00007ffb93420000 	C:\Windows\System32\ucrtbase.dll
0x00007ffb80de0000 - 0x00007ffb80df8000 	c:\Users\mitan\.vscode\extensions\redhat.java-1.43.1-win32-x64\jre\21.0.7-win32-x86_64\bin\jli.dll
0x00007ffb79580000 - 0x00007ffb7959e000 	c:\Users\mitan\.vscode\extensions\redhat.java-1.43.1-win32-x64\jre\21.0.7-win32-x86_64\bin\VCRUNTIME140.dll
0x00007ffb77180000 - 0x00007ffb7741a000 	C:\Windows\WinSxS\amd64_microsoft.windows.common-controls_6595b64144ccf1df_6.0.19041.5915_none_60b4b9d171f9c7c7\COMCTL32.dll
0x00007ffb95380000 - 0x00007ffb9551d000 	C:\Windows\System32\USER32.dll
0x00007ffb94e60000 - 0x00007ffb94efe000 	C:\Windows\System32\msvcrt.dll
0x00007ffb935b0000 - 0x00007ffb935d2000 	C:\Windows\System32\win32u.dll
0x00007ffb93cb0000 - 0x00007ffb93cdb000 	C:\Windows\System32\GDI32.dll
0x00007ffb93130000 - 0x00007ffb93249000 	C:\Windows\System32\gdi32full.dll
0x00007ffb93690000 - 0x00007ffb9372d000 	C:\Windows\System32\msvcp_win.dll
0x00007ffb94bc0000 - 0x00007ffb94bef000 	C:\Windows\System32\IMM32.DLL
0x00007ffb87b30000 - 0x00007ffb87b3c000 	c:\Users\mitan\.vscode\extensions\redhat.java-1.43.1-win32-x64\jre\21.0.7-win32-x86_64\bin\vcruntime140_1.dll
0x00007ffb1ad70000 - 0x00007ffb1adfd000 	c:\Users\mitan\.vscode\extensions\redhat.java-1.43.1-win32-x64\jre\21.0.7-win32-x86_64\bin\msvcp140.dll
0x00007ffb11a80000 - 0x00007ffb12810000 	c:\Users\mitan\.vscode\extensions\redhat.java-1.43.1-win32-x64\jre\21.0.7-win32-x86_64\bin\server\jvm.dll
0x00007ffb94f00000 - 0x00007ffb94fb1000 	C:\Windows\System32\ADVAPI32.dll
0x00007ffb952e0000 - 0x00007ffb9537f000 	C:\Windows\System32\sechost.dll
0x00007ffb94a90000 - 0x00007ffb94bb3000 	C:\Windows\System32\RPCRT4.dll
0x00007ffb93580000 - 0x00007ffb935a7000 	C:\Windows\System32\bcrypt.dll
0x00007ffb95270000 - 0x00007ffb952db000 	C:\Windows\System32\WS2_32.dll
0x00007ffb922b0000 - 0x00007ffb922fb000 	C:\Windows\SYSTEM32\POWRPROF.dll
0x00007ffb79ae0000 - 0x00007ffb79b07000 	C:\Windows\SYSTEM32\WINMM.dll
0x00007ffb8bd20000 - 0x00007ffb8bd2a000 	C:\Windows\SYSTEM32\VERSION.dll
0x00007ffb92170000 - 0x00007ffb92182000 	C:\Windows\SYSTEM32\UMPDC.dll
0x00007ffb90c50000 - 0x00007ffb90c62000 	C:\Windows\SYSTEM32\kernel.appcore.dll
0x00007ffb80d20000 - 0x00007ffb80d2a000 	c:\Users\mitan\.vscode\extensions\redhat.java-1.43.1-win32-x64\jre\21.0.7-win32-x86_64\bin\jimage.dll
0x00007ffb90490000 - 0x00007ffb90691000 	C:\Windows\SYSTEM32\DBGHELP.DLL
0x00007ffb71e30000 - 0x00007ffb71e64000 	C:\Windows\SYSTEM32\dbgcore.DLL
0x00007ffb92da0000 - 0x00007ffb92e22000 	C:\Windows\System32\bcryptPrimitives.dll
0x00007ffb8ac30000 - 0x00007ffb8ac3f000 	c:\Users\mitan\.vscode\extensions\redhat.java-1.43.1-win32-x64\jre\21.0.7-win32-x86_64\bin\instrument.dll
0x00007ffb626d0000 - 0x00007ffb626ef000 	c:\Users\mitan\.vscode\extensions\redhat.java-1.43.1-win32-x64\jre\21.0.7-win32-x86_64\bin\java.dll
0x00007ffb93d00000 - 0x00007ffb9446e000 	C:\Windows\System32\SHELL32.dll
0x00007ffb90de0000 - 0x00007ffb91584000 	C:\Windows\SYSTEM32\windows.storage.dll
0x00007ffb94600000 - 0x00007ffb94953000 	C:\Windows\System32\combase.dll
0x00007ffb927d0000 - 0x00007ffb927fb000 	C:\Windows\SYSTEM32\Wldp.dll
0x00007ffb94530000 - 0x00007ffb945fd000 	C:\Windows\System32\OLEAUT32.dll
0x00007ffb950a0000 - 0x00007ffb9514d000 	C:\Windows\System32\SHCORE.dll
0x00007ffb937e0000 - 0x00007ffb9383b000 	C:\Windows\System32\shlwapi.dll
0x00007ffb92cd0000 - 0x00007ffb92cf4000 	C:\Windows\SYSTEM32\profapi.dll
0x00007ffb625c0000 - 0x00007ffb625d8000 	c:\Users\mitan\.vscode\extensions\redhat.java-1.43.1-win32-x64\jre\21.0.7-win32-x86_64\bin\zip.dll
0x00007ffb788b0000 - 0x00007ffb788c0000 	C:\Users\mitan\.vscode\extensions\redhat.java-1.43.1-win32-x64\jre\21.0.7-win32-x86_64\bin\net.dll
0x00007ffb8a230000 - 0x00007ffb8a33a000 	C:\Windows\SYSTEM32\WINHTTP.dll
0x00007ffb924e0000 - 0x00007ffb9254a000 	C:\Windows\system32\mswsock.dll
0x00007ffb62530000 - 0x00007ffb62546000 	C:\Users\mitan\.vscode\extensions\redhat.java-1.43.1-win32-x64\jre\21.0.7-win32-x86_64\bin\nio.dll
0x00007ffb80e00000 - 0x00007ffb80e10000 	c:\Users\mitan\.vscode\extensions\redhat.java-1.43.1-win32-x64\jre\21.0.7-win32-x86_64\bin\verify.dll
0x00007ffb296f0000 - 0x00007ffb29735000 	C:\Users\mitan\AppData\Roaming\Code\User\globalStorage\redhat.java\1.43.1\config_win\org.eclipse.equinox.launcher\org.eclipse.equinox.launcher.win32.win32.x86_64_1.2.1300.v20250331-1702\eclipse_11911.dll
0x00007ffb94960000 - 0x00007ffb94a8b000 	C:\Windows\System32\ole32.dll
0x00007ffb926d0000 - 0x00007ffb926e8000 	C:\Windows\SYSTEM32\CRYPTSP.dll
0x00007ffb91da0000 - 0x00007ffb91dd8000 	C:\Windows\system32\rsaenh.dll
0x00007ffb92c90000 - 0x00007ffb92cbe000 	C:\Windows\SYSTEM32\USERENV.dll
0x00007ffb926c0000 - 0x00007ffb926cc000 	C:\Windows\SYSTEM32\CRYPTBASE.dll
0x00007ffb92190000 - 0x00007ffb921cb000 	C:\Windows\SYSTEM32\IPHLPAPI.DLL
0x00007ffb937c0000 - 0x00007ffb937c8000 	C:\Windows\System32\NSI.dll
0x00007ffb28dd0000 - 0x00007ffb28e19000 	C:\Users\mitan\AppData\Local\Temp\jna-103906437\jna1734972520442196991.dll
0x00007ffb937d0000 - 0x00007ffb937d8000 	C:\Windows\System32\PSAPI.DLL
0x00007ffb8b2f0000 - 0x00007ffb8b307000 	C:\Windows\SYSTEM32\dhcpcsvc6.DLL
0x00007ffb8b2d0000 - 0x00007ffb8b2ed000 	C:\Windows\SYSTEM32\dhcpcsvc.DLL

dbghelp: loaded successfully - version: 4.0.5 - missing functions: none
symbol engine: initialized successfully - sym options: 0x614 - pdb path: .;c:\Users\mitan\.vscode\extensions\redhat.java-1.43.1-win32-x64\jre\21.0.7-win32-x86_64\bin;C:\Windows\SYSTEM32;C:\Windows\WinSxS\amd64_microsoft.windows.common-controls_6595b64144ccf1df_6.0.19041.5915_none_60b4b9d171f9c7c7;c:\Users\mitan\.vscode\extensions\redhat.java-1.43.1-win32-x64\jre\21.0.7-win32-x86_64\bin\server;C:\Users\mitan\AppData\Roaming\Code\User\globalStorage\redhat.java\1.43.1\config_win\org.eclipse.equinox.launcher\org.eclipse.equinox.launcher.win32.win32.x86_64_1.2.1300.v20250331-1702;C:\Users\mitan\AppData\Local\Temp\jna-103906437

VM Arguments:
jvm_args: --add-modules=ALL-SYSTEM --add-opens=java.base/java.util=ALL-UNNAMED --add-opens=java.base/java.lang=ALL-UNNAMED --add-opens=java.base/sun.nio.fs=ALL-UNNAMED -Declipse.application=org.eclipse.jdt.ls.core.id1 -Dosgi.bundles.defaultStartLevel=4 -Declipse.product=org.eclipse.jdt.ls.core.product -Djava.import.generatesMetadataFilesAtProjectRoot=false -DDetectVMInstallationsJob.disabled=true -Dfile.encoding=utf8 -XX:+UseParallelGC -XX:GCTimeRatio=4 -XX:AdaptiveSizePolicyWeight=90 -Dsun.zip.disableMemoryMapping=true -Xmx2G -Xms100m -Xlog:disable -javaagent:c:\Users\mitan\.vscode\extensions\redhat.java-1.43.1-win32-x64\lombok\lombok-1.18.39-4050.jar -XX:+HeapDumpOnOutOfMemoryError -XX:HeapDumpPath=c:\Users\mitan\AppData\Roaming\Code\User\workspaceStorage\5454d84cca73cc9739caad8c9d907e44\redhat.java -Daether.dependencyCollector.impl=bf 
java_command: c:\Users\mitan\.vscode\extensions\redhat.java-1.43.1-win32-x64\server\plugins\org.eclipse.equinox.launcher_1.7.0.v20250519-0528.jar -configuration c:\Users\mitan\AppData\Roaming\Code\User\globalStorage\redhat.java\1.43.1\config_win -data c:\Users\mitan\AppData\Roaming\Code\User\workspaceStorage\5454d84cca73cc9739caad8c9d907e44\redhat.java\jdt_ws --pipe=\\.\pipe\lsp-aa99117d506fb7146288a9ab21d98658-sock
java_class_path (initial): c:\Users\mitan\.vscode\extensions\redhat.java-1.43.1-win32-x64\server\plugins\org.eclipse.equinox.launcher_1.7.0.v20250519-0528.jar
Launcher Type: SUN_STANDARD

[Global flags]
    uintx AdaptiveSizePolicyWeight                 = 90                                        {product} {command line}
     intx CICompilerCount                          = 4                                         {product} {ergonomic}
    uintx GCTimeRatio                              = 4                                         {product} {command line}
     bool HeapDumpOnOutOfMemoryError               = true                                   {manageable} {command line}
    ccstr HeapDumpPath                             = c:\Users\mitan\AppData\Roaming\Code\User\workspaceStorage\5454d84cca73cc9739caad8c9d907e44\redhat.java         {manageable} {command line}
   size_t InitialHeapSize                          = 104857600                                 {product} {command line}
   size_t MaxHeapSize                              = 2147483648                                {product} {command line}
   size_t MaxNewSize                               = 715653120                                 {product} {ergonomic}
   size_t MinHeapDeltaBytes                        = 524288                                    {product} {ergonomic}
   size_t MinHeapSize                              = 104857600                                 {product} {command line}
   size_t NewSize                                  = 34603008                                  {product} {ergonomic}
    uintx NonNMethodCodeHeapSize                   = 5839372                                {pd product} {ergonomic}
    uintx NonProfiledCodeHeapSize                  = 122909434                              {pd product} {ergonomic}
   size_t OldSize                                  = 70254592                                  {product} {ergonomic}
    uintx ProfiledCodeHeapSize                     = 122909434                              {pd product} {ergonomic}
    uintx ReservedCodeCacheSize                    = 251658240                              {pd product} {ergonomic}
     bool SegmentedCodeCache                       = true                                      {product} {ergonomic}
   size_t SoftMaxHeapSize                          = 2147483648                             {manageable} {ergonomic}
     bool UseCompressedOops                        = true                           {product lp64_product} {ergonomic}
     bool UseLargePagesIndividualAllocation        = false                                  {pd product} {ergonomic}
     bool UseParallelGC                            = true                                      {product} {command line}

Logging:
Log output configuration:
 #0: stdout all=off uptime,level,tags foldmultilines=false
 #1: stderr all=off uptime,level,tags foldmultilines=false

Environment Variables:
PATH=C:\Program Files\Microsoft SDKs\Azure\CLI2\wbin;C:\Program Files\Eclipse Adoptium\jdk-21.0.7.6-hotspot\bin;C:\Program Files\Common Files\Oracle\Java\javapath;C:\Program Files (x86)\Common Files\Oracle\Java\java8path;C:\Program Files (x86)\Common Files\Oracle\Java\javapath;C:\Windows\system32;C:\Windows;C:\Windows\System32\Wbem;C:\Windows\System32\WindowsPowerShell\v1.0\;C:\Windows\System32\OpenSSH\;C:\Program Files (x86)\NVIDIA Corporation\PhysX\Common;C:\Program Files (x86)\NoteBook FanControl\;C:\Program Files\Git\cmd;C:\Program Files\Java\jdk-22\bin;C:\Program Files\NVIDIA Corporation\NVIDIA app\NvDLISR;C:\Program Files\Docker\Docker\resources\bin;C:\Program Files\dotnet\;C:\Program Files (x86)\Microsoft SQL Server\160\Tools\Binn\;C:\Program Files\Microsoft SQL Server\160\Tools\Binn\;C:\Program Files\Microsoft SQL Server\Client SDK\ODBC\170\Tools\Binn\;C:\Program Files\Microsoft SQL Server\160\DTS\Binn\;C:\Program Files (x86)\Microsoft SQL Server\160\DTS\Binn\;C:\Program Files\nodejs\;C:\Users\mitan\AppData\Local\Android\Sdk;%ANDROID_HOME%\emulator;%ANDROID_HOME%\tools;%ANDROID_HOME%\tools\bin;C:\Users\mitan\AppData\Local\Android\Sdk\platform-tools;C:\Users\mitan\AppData\Local\Programs\Python\Python313\Scripts\;C:\Users\mitan\AppData\Local\Programs\Python\Python313\;C:\Users\mitan\AppData\Local\Microsoft\WindowsApps;C:\Users\mitan\AppData\Local\Programs\Microsoft VS Code\bin;C:\Users\mitan\AppData\Local\GitHubDesktop\bin;C:\Users\mitan\AppData\Roaming\npm
USERNAME=mitan
OS=Windows_NT
PROCESSOR_IDENTIFIER=Intel64 Family 6 Model 158 Stepping 10, GenuineIntel
TMP=C:\Users\mitan\AppData\Local\Temp
TEMP=C:\Users\mitan\AppData\Local\Temp




Periodic native trim disabled

---------------  S Y S T E M  ---------------

OS:
 Windows 10 , 64 bit Build 19041 (10.0.19041.5915)
OS uptime: 3 days 5:47 hours
Hyper-V role detected

CPU: total 8 (initial active 8) (4 cores per cpu, 2 threads per core) family 6 model 158 stepping 10 microcode 0xf8, cx8, cmov, fxsr, ht, mmx, 3dnowpref, sse, sse2, sse3, ssse3, sse4.1, sse4.2, popcnt, lzcnt, tsc, tscinvbit, avx, avx2, aes, erms, clmul, bmi1, bmi2, adx, fma, vzeroupper, clflush, clflushopt, hv, rdtscp, f16c
Processor Information for the first 8 processors :
  Max Mhz: 2400, Current Mhz: 2400, Mhz Limit: 2400

Memory: 4k page, system-wide physical 16225M (1315M free)
TotalPageFile size 41054M (AvailPageFile size 5M)
current process WorkingSet (physical memory assigned to process): 743M, peak: 753M
current process commit charge ("private bytes"): 674M, peak: 1663M

vm_info: OpenJDK 64-Bit Server VM (21.0.7+6-LTS) for windows-amd64 JRE (21.0.7+6-LTS), built on 2025-04-15T00:00:00Z by "admin" with MS VC++ 17.7 (VS2022)

END.
